<?xml version="1.0" encoding="UTF-8"?>
<!-- Generated by org.testng.reporters.JUnitReportReporter -->
<testsuite hostname="DESKTOP-7H2SS0L" failures="0" tests="2" name="testCases.TC2_Login" time="10.291" errors="0" timestamp="2024-06-06T16:33:49 IST" skipped="0">
  <testcase classname="testCases.TC2_Login" name="Logo" time="1.040"/>
  <system-out/>
  <testcase classname="testCases.TC2_Login" name="LoginSuccessful" time="9.251"/>
  <system-out/>
</testsuite> <!-- testCases.TC2_Login -->
