<?xml version="1.0" encoding="UTF-8"?>
<!-- Generated by org.testng.reporters.JUnitReportReporter -->
<testsuite hostname="DESKTOP-7H2SS0L" failures="0" tests="1" name="testCases.TC3_BlankClass" time="0.014" errors="0" timestamp="2024-06-05T12:28:48 IST" skipped="0">
  <testcase classname="testCases.TC3_BlankClass" name="f" time="0.014"/>
</testsuite> <!-- testCases.TC3_BlankClass -->
