<?xml version="1.0" encoding="UTF-8"?>
<!-- Generated by org.testng.reporters.JUnitReportReporter -->
<testsuite hostname="DESKTOP-7H2SS0L" failures="0" tests="1" name="testCases.TC001_AccountRegistration" time="31.222" errors="0" timestamp="2024-05-22T18:16:35 IST" skipped="0">
  <testcase classname="testCases.TC001_AccountRegistration" name="fill_registration_form" time="31.222"/>
</testsuite> <!-- testCases.TC001_AccountRegistration -->
