<?xml version="1.0" encoding="UTF-8"?>
<!-- Generated by org.testng.reporters.JUnitReportReporter -->
<testsuite hostname="DESKTOP-7H2SS0L" failures="0" tests="1" name="pageObjects.BasePage" time="0.021" errors="0" timestamp="2024-05-21T17:37:42 IST" skipped="0">
  <testcase classname="pageObjects.BasePage" name="f" time="0.021"/>
</testsuite> <!-- pageObjects.BasePage -->
