<?xml version="1.0" encoding="UTF-8"?>
<!-- Generated by org.testng.reporters.JUnitReportReporter -->
<testsuite hostname="DESKTOP-7H2SS0L" failures="0" tests="2" name="testCases.TC2_Login" time="35.258" errors="0" timestamp="2024-06-10T11:54:44 IST" skipped="0">
  <testcase classname="testCases.TC2_Login" name="Logo" time="0.900"/>
  <testcase classname="testCases.TC2_Login" name="LoginSuccessful" time="34.358"/>
</testsuite> <!-- testCases.TC2_Login -->
