<?xml version="1.0" encoding="UTF-8"?>
<!-- Generated by org.testng.reporters.JUnitReportReporter -->
<testsuite hostname="DESKTOP-7H2SS0L" failures="0" tests="2" name="testCases.TC1_ACRegistration" time="8.954" errors="0" timestamp="2024-06-05T15:11:16 IST" skipped="0">
  <testcase classname="testCases.TC1_ACRegistration" name="Verify_Registration" time="4.630"/>
  <testcase classname="testCases.TC1_ACRegistration" name="Verify_Registrations" time="4.324"/>
</testsuite> <!-- testCases.TC1_ACRegistration -->
