<?xml version="1.0" encoding="UTF-8"?>
<!-- Generated by org.testng.reporters.JUnitReportReporter -->
<testsuite hostname="DESKTOP-7H2SS0L" failures="0" tests="2" name="testCases.TC2_Login" time="36.403" errors="0" timestamp="2024-06-06T14:54:34 IST" skipped="0">
  <testcase classname="testCases.TC2_Login" name="Logo" time="0.949"/>
  <testcase classname="testCases.TC2_Login" name="LoginSuccessful" time="35.454"/>
</testsuite> <!-- testCases.TC2_Login -->
