<?xml version="1.0" encoding="UTF-8"?>
<!-- Generated by org.testng.reporters.JUnitReportReporter -->
<testsuite hostname="DESKTOP-7H2SS0L" failures="0" tests="2" name="testCases.TC1_ACRegistration" time="12.103" errors="0" timestamp="2024-06-05T11:46:49 IST" skipped="0">
  <testcase classname="testCases.TC1_ACRegistration" name="Verify_Registration" time="8.785"/>
  <testcase classname="testCases.TC1_ACRegistration" name="Verify_Registrations" time="3.318"/>
</testsuite> <!-- testCases.TC1_ACRegistration -->
