<?xml version="1.0" encoding="UTF-8"?>
<!-- Generated by org.testng.reporters.JUnitReportReporter -->
<testsuite hostname="DESKTOP-7H2SS0L" failures="0" tests="2" name="testCases.TC1_ACRegistration" time="9.952" errors="0" timestamp="2024-06-10T11:54:44 IST" skipped="0">
  <testcase classname="testCases.TC1_ACRegistration" name="Verify_Registration" time="5.270"/>
  <testcase classname="testCases.TC1_ACRegistration" name="Verify_Registrations" time="4.682"/>
</testsuite> <!-- testCases.TC1_ACRegistration -->
